Using pre-set license
Built from '2020.3/staging' branch; Version is '2020.3.18f1 (a7d1c678663c) revision 10998214'; Using compiler version '192528614'; Build Type 'Release'
OS: 'Windows 10 Home; OS build 22000.376; Version 2009; 64bit' Language: 'nl' Physical Memory: 16085 MB
BatchMode: 1, IsHumanControllingUs: 0, StartBugReporterOnCrash: 0, Is64bit: 1, IsPro: 0

COMMAND LINE ARGUMENTS:
C:\Program Files\Unity\Hub\Editor\2020.3.18f1\Editor\Unity.exe
-adb2
-batchMode
-noUpm
-name
AssetImportWorker0
-projectPath
C:/Users/trebo/Unity Projects/SyncVR Development Assignment
-logFile
Logs/AssetImportWorker0.log
-srvPort
64853
Successfully changed project path to: C:/Users/trebo/Unity Projects/SyncVR Development Assignment
C:/Users/trebo/Unity Projects/SyncVR Development Assignment
Using Asset Import Pipeline V2.
Refreshing native plugins compatible for Editor in 42.09 ms, found 2 plugins.
Preloading 0 native plugins for Editor in 0.00 ms.
Initialize engine version: 2020.3.18f1 (a7d1c678663c)
[Subsystems] Discovering subsystems at path C:/Program Files/Unity/Hub/Editor/2020.3.18f1/Editor/Data/Resources/UnitySubsystems
[Subsystems] Discovering subsystems at path C:/Users/trebo/Unity Projects/SyncVR Development Assignment/Assets
GfxDevice: creating device client; threaded=0
Direct3D:
    Version:  Direct3D 11.0 [level 11.1]
    Renderer: NVIDIA GeForce RTX 3060 Laptop GPU (ID=0x2520)
    Vendor:   
    VRAM:     6023 MB
    Driver:   27.21.14.6221
Initialize mono
Mono path[0] = 'C:/Program Files/Unity/Hub/Editor/2020.3.18f1/Editor/Data/Managed'
Mono path[1] = 'C:/Program Files/Unity/Hub/Editor/2020.3.18f1/Editor/Data/MonoBleedingEdge/lib/mono/unityjit'
Mono config path = 'C:/Program Files/Unity/Hub/Editor/2020.3.18f1/Editor/Data/MonoBleedingEdge/etc'
Using monoOptions --debugger-agent=transport=dt_socket,embedding=1,server=y,suspend=n,address=127.0.0.1:56860
Begin MonoManager ReloadAssembly
Registering precompiled unity dll's ...
Register platform support module: C:/Program Files/Unity/Hub/Editor/2020.3.18f1/Editor/Data/PlaybackEngines/WebGLSupport/UnityEditor.WebGL.Extensions.dll
Register platform support module: C:/Program Files/Unity/Hub/Editor/2020.3.18f1/Editor/Data/PlaybackEngines/WindowsStandaloneSupport/UnityEditor.WindowsStandalone.Extensions.dll
Registered in 0.001163 seconds.
Native extension for WindowsStandalone target not found
Native extension for WebGL target not found
Refreshing native plugins compatible for Editor in 26.58 ms, found 2 plugins.
Preloading 0 native plugins for Editor in 0.00 ms.
Mono: successfully reloaded assembly
- Completed reload, in  1.329 seconds
Domain Reload Profiling:
	ReloadAssembly (1329ms)
		BeginReloadAssembly (34ms)
			ExecutionOrderSort (0ms)
			DisableScriptedObjects (0ms)
			BackupInstance (0ms)
			ReleaseScriptingObjects (0ms)
			CreateAndSetChildDomain (1ms)
		EndReloadAssembly (296ms)
			LoadAssemblies (33ms)
			RebuildTransferFunctionScriptingTraits (0ms)
			SetupTypeCache (98ms)
			ReleaseScriptCaches (0ms)
			RebuildScriptCaches (21ms)
			SetupLoadedEditorAssemblies (115ms)
				LogAssemblyErrors (0ms)
				InitializePlatformSupportModulesInManaged (3ms)
				SetLoadedEditorAssemblies (0ms)
				RefreshPlugins (27ms)
				BeforeProcessingInitializeOnLoad (7ms)
				ProcessInitializeOnLoadAttributes (59ms)
				ProcessInitializeOnLoadMethodAttributes (19ms)
				AfterProcessingInitializeOnLoad (0ms)
				EditorAssembliesLoaded (0ms)
			ExecutionOrderSort2 (0ms)
			AwakeInstancesAfterBackupRestoration (0ms)
Platform modules already initialized, skipping
Registering precompiled user dll's ...
Registered in 0.001580 seconds.
Begin MonoManager ReloadAssembly
Native extension for WindowsStandalone target not found
Native extension for WebGL target not found
Refreshing native plugins compatible for Editor in 27.82 ms, found 2 plugins.
Preloading 0 native plugins for Editor in 0.00 ms.
Mono: successfully reloaded assembly
- Completed reload, in  0.707 seconds
Domain Reload Profiling:
	ReloadAssembly (707ms)
		BeginReloadAssembly (90ms)
			ExecutionOrderSort (0ms)
			DisableScriptedObjects (3ms)
			BackupInstance (0ms)
			ReleaseScriptingObjects (0ms)
			CreateAndSetChildDomain (13ms)
		EndReloadAssembly (578ms)
			LoadAssemblies (51ms)
			RebuildTransferFunctionScriptingTraits (0ms)
			SetupTypeCache (180ms)
			ReleaseScriptCaches (0ms)
			RebuildScriptCaches (30ms)
			SetupLoadedEditorAssemblies (233ms)
				LogAssemblyErrors (0ms)
				InitializePlatformSupportModulesInManaged (3ms)
				SetLoadedEditorAssemblies (0ms)
				RefreshPlugins (28ms)
				BeforeProcessingInitializeOnLoad (40ms)
				ProcessInitializeOnLoadAttributes (156ms)
				ProcessInitializeOnLoadMethodAttributes (3ms)
				AfterProcessingInitializeOnLoad (3ms)
				EditorAssembliesLoaded (0ms)
			ExecutionOrderSort2 (0ms)
			AwakeInstancesAfterBackupRestoration (4ms)
Platform modules already initialized, skipping
========================================================================
Worker process is ready to serve import requests
Launched and connected shader compiler UnityShaderCompiler.exe after 0.03 seconds
Refreshing native plugins compatible for Editor in 0.32 ms, found 2 plugins.
Preloading 0 native plugins for Editor in 0.00 ms.
Unloading 1745 Unused Serialized files (Serialized files now loaded: 0)
System memory in use before: 79.5 MB.
System memory in use after: 79.6 MB.

Unloading 18 unused Assets to reduce memory usage. Loaded Objects now: 2182.
Total: 2.199900 ms (FindLiveObjects: 0.113400 ms CreateObjectMapping: 0.026900 ms MarkObjects: 2.005000 ms  DeleteObjects: 0.053800 ms)

AssetImportParameters requested are different than current active one (requested -> active):
  custom:framework-win-MediaFoundation: 216162199b28c13a410421893ffa2e32 -> 
  custom:video-decoder-ogg-theora: a1e56fd34408186e4bbccfd4996cb3dc -> 
  custom:container-muxer-webm: aa71ff27fc2769a1b78a27578f13a17b -> 
  custom:container-demuxer-webm: 4f35f7cbe854078d1ac9338744f61a02 -> 
  custom:container-demuxer-ogg: 62fdf1f143b41e24485cea50d1cbac27 -> 
  custom:video-encoder-webm-vp8: eb34c28f22e8b96e1ab97ce403110664 -> 
  custom:video-decoder-webm-vp8: 9c59270c3fd7afecdb556c50c9e8de78 -> 
  custom:audio-decoder-ogg-vorbis: bf7c407c2cedff20999df2af8eb42d56 -> 
  custom:audio-encoder-webm-vorbis: bf7c407c2cedff20999df2af8eb42d56 -> 
========================================================================
Received Import Request.
  path: Assets/Materials/Walls.mat
  artifactKey: Guid(fa873c5b074d2b54ca8539ab97dc11c5) Importer(815301076,1909f56bfc062723c751e8b465ee728b)
Start importing Assets/Materials/Walls.mat using Guid(fa873c5b074d2b54ca8539ab97dc11c5) Importer(815301076,1909f56bfc062723c751e8b465ee728b)  -> (artifact id: '9fe2e2a744495af7595e2f775e0fb80c') in 0.067845 seconds 
  Import took 0.070179 seconds .

========================================================================
Received Import Request.
  Time since last request: 3.031251 seconds.
  path: Assets/Plugins
  artifactKey: Guid(dc905bca68e06a44ab514d9a0ef85eb0) Importer(815301076,1909f56bfc062723c751e8b465ee728b)
Start importing Assets/Plugins using Guid(dc905bca68e06a44ab514d9a0ef85eb0) Importer(815301076,1909f56bfc062723c751e8b465ee728b)  -> (artifact id: '225bc6e0bae13a5655f84b7d26e5194b') in 0.002611 seconds 
  Import took 0.005004 seconds .

========================================================================
Received Import Request.
  Time since last request: 1.817211 seconds.
  path: Assets/Plugins/Android
  artifactKey: Guid(690c1bb4ab3f11049832a549386fef00) Importer(815301076,1909f56bfc062723c751e8b465ee728b)
Start importing Assets/Plugins/Android using Guid(690c1bb4ab3f11049832a549386fef00) Importer(815301076,1909f56bfc062723c751e8b465ee728b)  -> (artifact id: '861a4bad7417090e04993b07a0185b1d') in 0.002681 seconds 
  Import took 0.005183 seconds .

========================================================================
Received Import Request.
  Time since last request: 263.733189 seconds.
  path: Assets/Scripts/FibonacciCanvas.cs
  artifactKey: Guid(94e77bec8b42b5f43850e8361cf6c1ba) Importer(815301076,1909f56bfc062723c751e8b465ee728b)
Start importing Assets/Scripts/FibonacciCanvas.cs using Guid(94e77bec8b42b5f43850e8361cf6c1ba) Importer(815301076,1909f56bfc062723c751e8b465ee728b)  -> (artifact id: '3fafa7e678a59646207920442487a081') in 0.005430 seconds 
  Import took 0.008456 seconds .

========================================================================
Received Import Request.
  Time since last request: 1.410863 seconds.
  path: Assets/Scripts/NextExample.cs
  artifactKey: Guid(4230ee00380255248ab6e72f01e4a169) Importer(815301076,1909f56bfc062723c751e8b465ee728b)
Start importing Assets/Scripts/NextExample.cs using Guid(4230ee00380255248ab6e72f01e4a169) Importer(815301076,1909f56bfc062723c751e8b465ee728b)  -> (artifact id: '4854283e2fc202e4016ae0db690406c1') in 0.002399 seconds 
  Import took 0.004905 seconds .

========================================================================
Received Import Request.
  Time since last request: 1.366003 seconds.
  path: Assets/Scripts/PlayAudio.cs
  artifactKey: Guid(fd36289d5d0f515428956ca3f61f4a13) Importer(815301076,1909f56bfc062723c751e8b465ee728b)
Start importing Assets/Scripts/PlayAudio.cs using Guid(fd36289d5d0f515428956ca3f61f4a13) Importer(815301076,1909f56bfc062723c751e8b465ee728b)  -> (artifact id: '1fd009b933fa2a8e996ae1650eaa6428') in 0.002378 seconds 
  Import took 0.004769 seconds .

========================================================================
Received Import Request.
  Time since last request: 0.000401 seconds.
  path: Assets/Scripts/PlayAudio.cs
  artifactKey: Guid(fd36289d5d0f515428956ca3f61f4a13) Importer(815301076,1909f56bfc062723c751e8b465ee728b)
Start importing Assets/Scripts/PlayAudio.cs using Guid(fd36289d5d0f515428956ca3f61f4a13) Importer(815301076,1909f56bfc062723c751e8b465ee728b)  -> (artifact id: '1fd009b933fa2a8e996ae1650eaa6428') in 0.001788 seconds 
  Import took 0.003906 seconds .

========================================================================
Received Import Request.
  Time since last request: 1.502363 seconds.
  path: Assets/Scripts/SpawnFibonacciCube.cs
  artifactKey: Guid(f2ca07aec8f046043a4dd521b8a29e90) Importer(815301076,1909f56bfc062723c751e8b465ee728b)
Start importing Assets/Scripts/SpawnFibonacciCube.cs using Guid(f2ca07aec8f046043a4dd521b8a29e90) Importer(815301076,1909f56bfc062723c751e8b465ee728b)  -> (artifact id: '643602b2e2e1f897ad9cf0ab6b214ab8') in 0.002376 seconds 
  Import took 0.004856 seconds .

AssetImportWorkerClient::OnTransportError - code=2 error=End of file
